[    0.000000] Linux version 4.15.0-144-generic (buildd@lgw01-amd64-031) (gcc version 7.5.0 (Ubuntu 7.5.0-3ubuntu1~18.04)) #148-Ubuntu SMP Sat May 8 02:33:43 UTC 2021 (Ubuntu 4.15.0-144.148-generic 4.15.18)
[    0.000000] Command line: BOOT_IMAGE=/boot/vmlinuz-4.15.0-144-generic root=LABEL=cloudimg-rootfs ro console=tty1 console=ttyS0
[    0.000000] KERNEL supported cpus:
[    0.000000]   Intel GenuineIntel
[    0.000000]   AMD AuthenticAMD
[    0.000000]   Centaur CentaurHauls
[    0.000000] x86/fpu: Supporting XSAVE feature 0x001: 'x87 floating point registers'
[    0.000000] x86/fpu: Supporting XSAVE feature 0x002: 'SSE registers'
[    0.000000] x86/fpu: Supporting XSAVE feature 0x004: 'AVX registers'
[    0.000000] x86/fpu: xstate_offset[2]:  576, xstate_sizes[2]:  256
[    0.000000] x86/fpu: Enabled xstate features 0x7, context size is 832 bytes, using 'standard' format.
[    0.000000] e820: BIOS-provided physical RAM map:
[    0.000000] BIOS-e820: [mem 0x0000000000000000-0x000000000009fbff] usable
[    0.000000] BIOS-e820: [mem 0x000000000009fc00-0x000000000009ffff] reserved
[    0.000000] BIOS-e820: [mem 0x00000000000f0000-0x00000000000fffff] reserved
[    0.000000] BIOS-e820: [mem 0x0000000000100000-0x000000003ffeffff] usable
[    0.000000] BIOS-e820: [mem 0x000000003fff0000-0x000000003fffffff] ACPI data
[    0.000000] BIOS-e820: [mem 0x00000000fec00000-0x00000000fec00fff] reserved
[    0.000000] BIOS-e820: [mem 0x00000000fee00000-0x00000000fee00fff] reserved
[    0.000000] BIOS-e820: [mem 0x00000000fffc0000-0x00000000ffffffff] reserved
[    0.000000] NX (Execute Disable) protection: active
[    0.000000] SMBIOS 2.5 present.
[    0.000000] DMI: innotek GmbH VirtualBox/VirtualBox, BIOS VirtualBox 12/01/2006
[    0.000000] Hypervisor detected: KVM
[    0.000000] e820: last_pfn = 0x3fff0 max_arch_pfn = 0x400000000
[    0.000000] MTRR: Disabled
[    0.000000] x86/PAT: MTRRs disabled, skipping PAT initialization too.
[    0.000000] CPU MTRRs all blank - virtualized system.
[    0.000000] x86/PAT: Configuration [0-7]: WB  WT  UC- UC  WB  WT  UC- UC  
[    0.000000] found SMP MP-table at [mem 0x0009fff0-0x0009ffff]
[    0.000000] Scanning 1 areas for low memory corruption
[    0.000000] RAMDISK: [mem 0x359d1000-0x36cdffff]
[    0.000000] ACPI: Early table checksum verification disabled
[    0.000000] ACPI: RSDP 0x00000000000E0000 000024 (v02 VBOX  )
[    0.000000] ACPI: XSDT 0x000000003FFF0030 00003C (v01 VBOX   VBOXXSDT 00000001 ASL  00000061)
[    0.000000] ACPI: FACP 0x000000003FFF00F0 0000F4 (v04 VBOX   VBOXFACP 00000001 ASL  00000061)
[    0.000000] ACPI: DSDT 0x000000003FFF0470 002325 (v02 VBOX   VBOXBIOS 00000002 INTL 20100528)
[    0.000000] ACPI: FACS 0x000000003FFF0200 000040
[    0.000000] ACPI: FACS 0x000000003FFF0200 000040
[    0.000000] ACPI: APIC 0x000000003FFF0240 00005C (v02 VBOX   VBOXAPIC 00000001 ASL  00000061)
[    0.000000] ACPI: SSDT 0x000000003FFF02A0 0001CC (v01 VBOX   VBOXCPUT 00000002 INTL 20100528)
[    0.000000] No NUMA configuration found
[    0.000000] Faking a node at [mem 0x0000000000000000-0x000000003ffeffff]
[    0.000000] NODE_DATA(0) allocated [mem 0x3ffc5000-0x3ffeffff]
[    0.000000] kvm-clock: cpu 0, msr 0:3ff44001, primary cpu clock
[    0.000000] kvm-clock: Using msrs 4b564d01 and 4b564d00
[    0.000000] kvm-clock: using sched offset of 4769947900 cycles
[    0.000000] clocksource: kvm-clock: mask: 0xffffffffffffffff max_cycles: 0x1cd42e4dffb, max_idle_ns: 881590591483 ns
[    0.000000] Zone ranges:
[    0.000000]   DMA      [mem 0x0000000000001000-0x0000000000ffffff]
[    0.000000]   DMA32    [mem 0x0000000001000000-0x000000003ffeffff]
[    0.000000]   Normal   empty
[    0.000000]   Device   empty
[    0.000000] Movable zone start for each node
[    0.000000] Early memory node ranges
[    0.000000]   node   0: [mem 0x0000000000001000-0x000000000009efff]
[    0.000000]   node   0: [mem 0x0000000000100000-0x000000003ffeffff]
[    0.000000] Reserved but unavailable: 98 pages
[    0.000000] Initmem setup node 0 [mem 0x0000000000001000-0x000000003ffeffff]
[    0.000000] ACPI: PM-Timer IO Port: 0x4008
[    0.000000] IOAPIC[0]: apic_id 2, version 32, address 0xfec00000, GSI 0-23
[    0.000000] ACPI: INT_SRC_OVR (bus 0 bus_irq 0 global_irq 2 dfl dfl)
[    0.000000] ACPI: INT_SRC_OVR (bus 0 bus_irq 9 global_irq 9 low level)
[    0.000000] Using ACPI (MADT) for SMP configuration information
[    0.000000] smpboot: Allowing 2 CPUs, 0 hotplug CPUs
[    0.000000] PM: Registered nosave memory: [mem 0x00000000-0x00000fff]
[    0.000000] PM: Registered nosave memory: [mem 0x0009f000-0x0009ffff]
[    0.000000] PM: Registered nosave memory: [mem 0x000a0000-0x000effff]
[    0.000000] PM: Registered nosave memory: [mem 0x000f0000-0x000fffff]
[    0.000000] e820: [mem 0x40000000-0xfebfffff] available for PCI devices
[    0.000000] Booting paravirtualized kernel on KVM
[    0.000000] clocksource: refined-jiffies: mask: 0xffffffff max_cycles: 0xffffffff, max_idle_ns: 7645519600211568 ns
[    0.000000] random: get_random_bytes called from start_kernel+0x99/0x500 with crng_init=0
[    0.000000] setup_percpu: NR_CPUS:8192 nr_cpumask_bits:2 nr_cpu_ids:2 nr_node_ids:1
[    0.000000] percpu: Embedded 45 pages/cpu s147456 r8192 d28672 u1048576
[    0.000000] PV qspinlock hash table entries: 256 (order: 0, 4096 bytes)
[    0.000000] Built 1 zonelists, mobility grouping on.  Total pages: 257913
[    0.000000] Policy zone: DMA32
[    0.000000] Kernel command line: BOOT_IMAGE=/boot/vmlinuz-4.15.0-144-generic root=LABEL=cloudimg-rootfs ro console=tty1 console=ttyS0
[    0.000000] Memory: 982720K/1048120K available (12300K kernel code, 2483K rwdata, 4316K rodata, 2448K init, 2724K bss, 65400K reserved, 0K cma-reserved)
[    0.000000] SLUB: HWalign=64, Order=0-3, MinObjects=0, CPUs=2, Nodes=1
[    0.000000] Kernel/User page tables isolation: enabled
[    0.000000] ftrace: allocating 39453 entries in 155 pages
[    0.004000] Hierarchical RCU implementation.
[    0.004000] 	RCU restricting CPUs from NR_CPUS=8192 to nr_cpu_ids=2.
[    0.004000] 	Tasks RCU enabled.
[    0.004000] RCU: Adjusting geometry for rcu_fanout_leaf=16, nr_cpu_ids=2
[    0.004000] NR_IRQS: 524544, nr_irqs: 440, preallocated irqs: 16
[    0.004000] Console: colour VGA+ 80x25
[    0.004000] console [tty1] enabled
[    0.004000] console [ttyS0] enabled
[    0.004000] ACPI: Core revision 20170831
[    0.004000] ACPI: 2 ACPI AML tables successfully acquired and loaded
[    0.004000] APIC: Switch to symmetric I/O mode setup
[    0.004000] x2apic enabled
[    0.004000] Switched APIC routing to physical x2apic.
[    0.007782] ..TIMER: vector=0x30 apic1=0 pin1=2 apic2=-1 pin2=-1
[    0.008002] tsc: Detected 3591.700 MHz processor
[    0.012009] Calibrating delay loop (skipped) preset value.. 7183.40 BogoMIPS (lpj=14366800)
[    0.014261] pid_max: default: 32768 minimum: 301
[    0.016056] Security Framework initialized
[    0.017161] Yama: becoming mindful.
[    0.018155] AppArmor: AppArmor initialized
[    0.020063] Dentry cache hash table entries: 131072 (order: 8, 1048576 bytes)
[    0.024080] Inode-cache hash table entries: 65536 (order: 7, 524288 bytes)
[    0.025839] Mount-cache hash table entries: 2048 (order: 2, 16384 bytes)
[    0.028006] Mountpoint-cache hash table entries: 2048 (order: 2, 16384 bytes)
[    0.030188] Last level iTLB entries: 4KB 1024, 2MB 1024, 4MB 1024
[    0.032002] Last level dTLB entries: 4KB 1024, 2MB 1024, 4MB 1024, 1GB 4
[    0.033740] Spectre V1 : Mitigation: usercopy/swapgs barriers and __user pointer sanitization
[    0.036003] Spectre V2 : Mitigation: Full generic retpoline
[    0.037664] Spectre V2 : Spectre v2 / SpectreRSB mitigation: Filling RSB on context switch
[    0.040002] Speculative Store Bypass: Vulnerable
[    0.041628] SRBDS: Unknown: Dependent on hypervisor status
[    0.044002] MDS: Mitigation: Clear CPU buffers
[    0.045616] Freeing SMP alternatives memory: 36K
[    0.158995] smpboot: CPU0: Intel(R) Core(TM) i7-4790 CPU @ 3.60GHz (family: 0x6, model: 0x3c, stepping: 0x3)
[    0.160000] Performance Events: unsupported p6 CPU model 60 no PMU driver, software events only.
[    0.160035] Hierarchical SRCU implementation.
[    0.162156] NMI watchdog: Perf event create on CPU 0 failed with -2
[    0.164002] NMI watchdog: Perf NMI watchdog permanently disabled
[    0.165640] smp: Bringing up secondary CPUs ...
[    0.167141] x86: Booting SMP configuration:
[    0.168003] .... node  #0, CPUs:      #1
[    0.004000] kvm-clock: cpu 1, msr 0:3ff44041, secondary cpu clock
[    0.172018] smp: Brought up 1 node, 2 CPUs
[    0.173171] smpboot: Max logical packages: 1
[    0.174319] smpboot: Total of 2 processors activated (14366.80 BogoMIPS)
[    0.176145] devtmpfs: initialized
[    0.180088] x86/mm: Memory block size: 128MB
[    0.181742] evm: security.selinux
[    0.182719] evm: security.SMACK64
[    0.183744] evm: security.SMACK64EXEC
[    0.184003] evm: security.SMACK64TRANSMUTE
[    0.185166] evm: security.SMACK64MMAP
[    0.186491] evm: security.apparmor
[    0.187594] evm: security.ima
[    0.188003] evm: security.capability
[    0.189040] clocksource: jiffies: mask: 0xffffffff max_cycles: 0xffffffff, max_idle_ns: 7645041785100000 ns
[    0.192015] futex hash table entries: 512 (order: 3, 32768 bytes)
[    0.193662] pinctrl core: initialized pinctrl subsystem
[    0.204169] RTC time: 12:41:53, date: 06/09/21
[    0.205619] NET: Registered protocol family 16
[    0.207023] audit: initializing netlink subsys (disabled)
[    0.208045] audit: type=2000 audit(1623242519.810:1): state=initialized audit_enabled=0 res=1
[    0.212019] cpuidle: using governor ladder
[    0.213251] cpuidle: using governor menu
[    0.214457] ACPI: bus type PCI registered
[    0.215556] acpiphp: ACPI Hot Plug PCI Controller Driver version: 0.5
[    0.216142] PCI: Using configuration type 1 for base access
[    0.220029] HugeTLB registered 2.00 MiB page size, pre-allocated 0 pages
[    0.221753] ACPI: Added _OSI(Module Device)
[    0.221753] ACPI: Added _OSI(Processor Device)
[    0.224004] ACPI: Added _OSI(3.0 _SCP Extensions)
[    0.225322] ACPI: Added _OSI(Processor Aggregator Device)
[    0.226762] ACPI: Added _OSI(Linux-Dell-Video)
[    0.228010] ACPI: Added _OSI(Linux-Lenovo-NV-HDMI-Audio)
[    0.229436] ACPI: Added _OSI(Linux-HPI-Hybrid-Graphics)
[    0.232345] ACPI: Executed 1 blocks of module-level executable AML code
[    0.244706] ACPI: Interpreter enabled
[    0.245830] ACPI: (supports S0 S5)
[    0.246885] ACPI: Using IOAPIC for interrupt routing
[    0.248653] PCI: Using host bridge windows from ACPI; if necessary, use "pci=nocrs" and report a bug
[    0.251626] ACPI: Enabled 2 GPEs in block 00 to 07
[    0.270156] ACPI: PCI Root Bridge [PCI0] (domain 0000 [bus 00-ff])
[    0.272015] acpi PNP0A03:00: _OSC: OS supports [ASPM ClockPM Segments MSI]
[    0.276127] acpi PNP0A03:00: _OSC: not requesting OS control; OS requires [ExtendedConfig ASPM ClockPM MSI]
[    0.278708] acpi PNP0A03:00: fail to add MMCONFIG information, can't access extended PCI configuration space under this bridge.
[    0.280710] PCI host bridge to bus 0000:00
[    0.282049] pci_bus 0000:00: root bus resource [io  0x0000-0x0cf7 window]
[    0.284004] pci_bus 0000:00: root bus resource [io  0x0d00-0xffff window]
[    0.285877] pci_bus 0000:00: root bus resource [mem 0x000a0000-0x000bffff window]
[    0.288004] pci_bus 0000:00: root bus resource [mem 0x40000000-0xfdffffff window]
[    0.290022] pci_bus 0000:00: root bus resource [bus 00-ff]
[    0.296037] pci 0000:00:01.1: legacy IDE quirk: reg 0x10: [io  0x01f0-0x01f7]
[    0.298365] pci 0000:00:01.1: legacy IDE quirk: reg 0x14: [io  0x03f6]
[    0.300000] pci 0000:00:01.1: legacy IDE quirk: reg 0x18: [io  0x0170-0x0177]
[    0.300007] pci 0000:00:01.1: legacy IDE quirk: reg 0x1c: [io  0x0376]
[    0.315340] pci 0000:00:07.0: quirk: [io  0x4000-0x403f] claimed by PIIX4 ACPI
[    0.316017] pci 0000:00:07.0: quirk: [io  0x4100-0x410f] claimed by PIIX4 SMB
[    0.329437] ACPI: PCI Interrupt Link [LNKA] (IRQs 5 9 10 *11)
[    0.332107] ACPI: PCI Interrupt Link [LNKB] (IRQs 5 9 *10 11)
[    0.333910] ACPI: PCI Interrupt Link [LNKC] (IRQs 5 *9 10 11)
[    0.335638] ACPI: PCI Interrupt Link [LNKD] (IRQs 5 9 10 *11)
[    0.336487] SCSI subsystem initialized
[    0.337680] pci 0000:00:02.0: vgaarb: setting as boot VGA device
[    0.337680] pci 0000:00:02.0: vgaarb: VGA device added: decodes=io+mem,owns=io+mem,locks=none
[    0.340006] pci 0000:00:02.0: vgaarb: bridge control possible
[    0.344002] vgaarb: loaded
[    0.344906] ACPI: bus type USB registered
[    0.346200] usbcore: registered new interface driver usbfs
[    0.348025] usbcore: registered new interface driver hub
[    0.349613] usbcore: registered new device driver usb
[    0.350968] EDAC MC: Ver: 3.0.0
[    0.352279] PCI: Using ACPI for IRQ routing
[    0.353552] NetLabel: Initializing
[    0.354515] NetLabel:  domain hash size = 128
[    0.356002] NetLabel:  protocols = UNLABELED CIPSOv4 CALIPSO
[    0.357562] NetLabel:  unlabeled traffic allowed by default
[    0.360060] clocksource: Switched to clocksource kvm-clock
[    0.413611] VFS: Disk quotas dquot_6.6.0
[    0.414810] VFS: Dquot-cache hash table entries: 512 (order 0, 4096 bytes)
[    0.416748] AppArmor: AppArmor Filesystem Enabled
[    0.418078] pnp: PnP ACPI init
[    0.421147] pnp: PnP ACPI: found 3 devices
[    0.429906] clocksource: acpi_pm: mask: 0xffffff max_cycles: 0xffffff, max_idle_ns: 2085701024 ns
[    0.432049] NET: Registered protocol family 2
[    0.433935] TCP established hash table entries: 8192 (order: 4, 65536 bytes)
[    0.435961] TCP bind hash table entries: 8192 (order: 5, 131072 bytes)
[    0.446430] TCP: Hash tables configured (established 8192 bind 8192)
[    0.448248] UDP hash table entries: 512 (order: 2, 16384 bytes)
[    0.449991] UDP-Lite hash table entries: 512 (order: 2, 16384 bytes)
[    0.451793] NET: Registered protocol family 1
[    0.453139] pci 0000:00:00.0: Limiting direct PCI/PCI transfers
[    0.454754] pci 0000:00:01.0: Activating ISA DMA hang workarounds
[    0.456518] pci 0000:00:02.0: Video device with shadowed ROM at [mem 0x000c0000-0x000dffff]
[    0.459041] Unpacking initramfs...
[    1.163886] Freeing initrd memory: 19516K
[    1.165306] clocksource: tsc: mask: 0xffffffffffffffff max_cycles: 0x33c5b306fdc, max_idle_ns: 440795349230 ns
[    1.168059] platform rtc_cmos: registered platform RTC device (no PNP device found)
[    1.170223] Scanning for low memory corruption every 60 seconds
[    1.172512] Initialise system trusted keyrings
[    1.173730] Key type blacklist registered
[    1.174914] workingset: timestamp_bits=36 max_order=18 bucket_order=0
[    1.178870] zbud: loaded
[    1.180118] squashfs: version 4.0 (2009/01/31) Phillip Lougher
[    1.182059] fuse init (API version 7.26)
[    1.186099] Key type asymmetric registered
[    1.187241] Asymmetric key parser 'x509' registered
[    1.188730] Block layer SCSI generic (bsg) driver version 0.4 loaded (major 246)
[    1.190834] io scheduler noop registered
[    1.191988] io scheduler deadline registered
[    1.193238] io scheduler cfq registered (default)
[    1.194828] ACPI: AC Adapter [AC] (on-line)
[    1.196050] input: Power Button as /devices/LNXSYSTM:00/LNXPWRBN:00/input/input0
[    1.198392] ACPI: Power Button [PWRF]
[    1.199626] input: Sleep Button as /devices/LNXSYSTM:00/LNXSLPBN:00/input/input1
[    1.201693] ACPI: Sleep Button [SLPF]
[    1.203152] Serial: 8250/16550 driver, 32 ports, IRQ sharing enabled
[    1.226208] 00:02: ttyS0 at I/O 0x3f8 (irq = 4, base_baud = 115200) is a 16550A
[    1.231406] Linux agpgart interface v0.103
[    1.233886] loop: module loaded
[    1.235596] scsi host0: ata_piix
[    1.236728] scsi host1: ata_piix
[    1.237838] ata1: PATA max UDMA/33 cmd 0x1f0 ctl 0x3f6 bmdma 0xd000 irq 14
[    1.240230] ata2: PATA max UDMA/33 cmd 0x170 ctl 0x376 bmdma 0xd008 irq 15
[    1.242199] libphy: Fixed MDIO Bus: probed
[    1.243369] tun: Universal TUN/TAP device driver, 1.6
[    1.244849] PPP generic driver version 2.4.2
[    1.246090] ehci_hcd: USB 2.0 'Enhanced' Host Controller (EHCI) Driver
[    1.247829] ehci-pci: EHCI PCI platform driver
[    1.249208] ehci-platform: EHCI generic platform driver
[    1.250690] ohci_hcd: USB 1.1 'Open' Host Controller (OHCI) Driver
[    1.252310] ohci-pci: OHCI PCI platform driver
[    1.253630] ohci-platform: OHCI generic platform driver
[    1.255048] uhci_hcd: USB Universal Host Controller Interface driver
[    1.256873] i8042: PNP: PS/2 Controller [PNP0303:PS2K,PNP0f03:PS2M] at 0x60,0x64 irq 1,12
[    1.259696] serio: i8042 KBD port at 0x60,0x64 irq 1
[    1.261140] serio: i8042 AUX port at 0x60,0x64 irq 12
[    1.262732] mousedev: PS/2 mouse device common for all mice
[    1.264940] input: AT Translated Set 2 keyboard as /devices/platform/i8042/serio0/input/input2
[    1.267579] rtc_cmos rtc_cmos: rtc core: registered rtc_cmos as rtc0
[    1.269397] rtc_cmos rtc_cmos: alarms up to one day, 114 bytes nvram
[    1.271068] i2c /dev entries driver
[    1.272124] device-mapper: uevent: version 1.0.3
[    1.273607] device-mapper: ioctl: 4.37.0-ioctl (2017-09-20) initialised: dm-devel@redhat.com
[    1.275898] ledtrig-cpu: registered to indicate activity on CPUs
[    1.277805] NET: Registered protocol family 10
[    1.282198] Segment Routing with IPv6
[    1.283370] NET: Registered protocol family 17
[    1.284701] Key type dns_resolver registered
[    1.286119] mce: Using 0 MCE banks
[    1.287118] RAS: Correctable Errors collector initialized.
[    1.288635] sched_clock: Marking stable (1288619475, 0)->(1589320370, -300700895)
[    1.291079] registered taskstats version 1
[    1.292240] Loading compiled-in X.509 certificates
[    1.296536] Loaded X.509 cert 'Build time autogenerated kernel key: 1e5516648b223d94d04ce7d99e6048c9b3ebcb77'
[    1.300095] Loaded X.509 cert 'Canonical Ltd. Live Patch Signing: 14df34d1a87cf37625abec039ef2bf521249b969'
[    1.303421] Loaded X.509 cert 'Canonical Ltd. Kernel Module Signing: 88f752e560a1e0737e31163a466ad7b70a850c19'
[    1.306144] zswap: loaded using pool lzo/zbud
[    1.310336] Key type big_key registered
[    1.311506] Key type trusted registered
[    1.314447] Key type encrypted registered
[    1.315630] AppArmor: AppArmor sha1 policy hashing enabled
[    1.317539] ima: No TPM chip found, activating TPM-bypass! (rc=-19)
[    1.319207] ima: Allocated hash algorithm: sha1
[    1.320511] evm: HMAC attrs: 0x1
[    1.321778]   Magic number: 9:81:683
[    1.322898] rtc_cmos rtc_cmos: setting system clock to 2021-06-09 12:41:54 UTC (1623242514)
[    1.325251] BIOS EDD facility v0.16 2004-Jun-25, 0 devices found
[    1.326821] EDD information not available.
[    1.433338] Freeing unused kernel image memory: 2448K
[    1.440638] Write protecting the kernel read-only data: 20480k
[    1.443176] Freeing unused kernel image memory: 2008K
[    1.444963] Freeing unused kernel image memory: 1828K
[    1.473919] x86/mm: Checked W+X mappings: passed, no W+X pages found.
[    1.475560] x86/mm: Checking user space page tables
[    1.507432] x86/mm: Checked W+X mappings: passed, no W+X pages found.
Loading, please wait...
starting version 237
[    1.630934] Fusion MPT base driver 3.04.20
[    1.632417] Copyright (c) 1999-2008 LSI Corporation
[    1.655518] e1000: Intel(R) PRO/1000 Network Driver - version 7.3.21-k8-NAPI
[    1.657477] e1000: Copyright (c) 1999-2006 Intel Corporation.
[    1.672887] AVX2 version of gcm_enc/dec engaged.
[    1.674378] AES CTR mode by8 optimization enabled
[    1.684235] Fusion MPT SPI Host driver 3.04.20
[    1.847432] input: ImExPS/2 Generic Explorer Mouse as /devices/platform/i8042/serio1/input/input4
[    2.132434] e1000 0000:00:03.0 eth0: (PCI:33MHz:32-bit) 02:08:1c:2f:d1:e8
[    2.134386] e1000 0000:00:03.0 eth0: Intel(R) PRO/1000 Network Connection
[    2.138503] mptbase: ioc0: Initiating bringup
[    2.233498] ioc0: LSI53C1030 A0: Capabilities={Initiator}
[    4.934255] scsi host2: ioc0: LSI53C1030 A0, FwRev=00000000h, Ports=1, MaxQ=256, IRQ=20
[    6.700344] scsi 2:0:0:0: Direct-Access     VBOX     HARDDISK         1.0  PQ: 0 ANSI: 5
[    6.757226] scsi target2:0:0: Beginning Domain Validation
[    6.760144] scsi target2:0:0: Domain Validation skipping write tests
[    6.761814] scsi target2:0:0: Ending Domain Validation
[    6.763267] scsi target2:0:0: asynchronous
[    6.765021] scsi 2:0:1:0: Direct-Access     VBOX     HARDDISK         1.0  PQ: 0 ANSI: 5
[    7.048064] scsi target2:0:1: Beginning Domain Validation
[    7.051296] random: fast init done
[    7.053077] scsi target2:0:1: Domain Validation skipping write tests
[    7.054758] scsi target2:0:1: Ending Domain Validation
[    7.056342] scsi target2:0:1: asynchronous
[    7.061513] random: systemd-udevd: uninitialized urandom read (16 bytes read)
[    7.063495] random: systemd-udevd: uninitialized urandom read (16 bytes read)
[    7.066050] sd 2:0:0:0: [sda] 83886080 512-byte logical blocks: (42.9 GB/40.0 GiB)
[    7.068569] sd 2:0:0:0: [sda] Write Protect is off
[    7.070307] sd 2:0:0:0: Attached scsi generic sg0 type 0
[    7.072073] sd 2:0:0:0: [sda] Incomplete mode parameter data
[    7.074023] sd 2:0:0:0: [sda] Assuming drive cache: write through
[    7.075854] random: systemd-udevd: uninitialized urandom read (16 bytes read)
[    7.078539] sd 2:0:1:0: Attached scsi generic sg1 type 0
[    7.080419] sd 2:0:1:0: [sdb] 20480 512-byte logical blocks: (10.5 MB/10.0 MiB)
[    7.082653] sd 2:0:1:0: [sdb] Write Protect is off
[    7.086604]  sda: sda1
[    7.088625] sd 2:0:0:0: [sda] Attached SCSI disk
[    7.090919] sd 2:0:1:0: [sdb] Incomplete mode parameter data
[    7.092748] sd 2:0:1:0: [sdb] Assuming drive cache: write through
[    7.097264] sd 2:0:1:0: [sdb] Attached SCSI disk
[    7.152403] e1000 0000:00:08.0 eth1: (PCI:33MHz:32-bit) 08:00:27:cb:d3:7e
[    7.154270] e1000 0000:00:08.0 eth1: Intel(R) PRO/1000 Network Connection
[    7.157619] e1000 0000:00:08.0 enp0s8: renamed from eth1
[    7.172401] e1000 0000:00:03.0 enp0s3: renamed from eth0
Begin: Loading essential drivers ... [    9.112179] raid6: sse2x1   gen()  3239 MB/s
[    9.160135] raid6: sse2x1   xor()  2097 MB/s
[    9.208050] raid6: sse2x2   gen()  7010 MB/s
[    9.256082] raid6: sse2x2   xor()  3250 MB/s
[    9.304111] raid6: sse2x4   gen()  8012 MB/s
[    9.352105] raid6: sse2x4   xor()  4737 MB/s
[    9.400108] raid6: avx2x1   gen()  6513 MB/s
[    9.448077] raid6: avx2x1   xor()  3495 MB/s
[    9.496065] raid6: avx2x2   gen() 12111 MB/s
[    9.544104] raid6: avx2x2   xor()  6555 MB/s
[    9.592067] raid6: avx2x4   gen() 16250 MB/s
[    9.640114] raid6: avx2x4   xor()  9556 MB/s
[    9.641459] raid6: using algorithm avx2x4 gen() 16250 MB/s
[    9.642831] raid6: .... xor() 9556 MB/s, rmw enabled
[    9.644135] raid6: using avx2x2 recovery algorithm
[    9.647183] xor: automatically using best checksumming function   avx       
[    9.651911] async_tx: api initialized (async)
done.
Begin: Running /scripts/init-premount ... done.
Begin: Mounting root file system ... Begin: Running /scripts/local-top ... done.
Begin: Running /scripts/local-premount ... [    9.746494] Btrfs loaded, crc32c=crc32c-intel
Scanning for Btrfs filesystems
done.
Warning: fsck not present, so skipping root file system
[    9.780896] EXT4-fs (sda1): mounted filesystem with ordered data mode. Opts: (null)
done.
Begin: Running /scripts/local-bottom ... done.
Begin: Running /scripts/init-bottom ... done.
[    9.992812] ip_tables: (C) 2000-2006 Netfilter Core Team
[   10.006246] systemd[1]: systemd 237 running in system mode. (+PAM +AUDIT +SELINUX +IMA +APPARMOR +SMACK +SYSVINIT +UTMP +LIBCRYPTSETUP +GCRYPT +GNUTLS +ACL +XZ +LZ4 +SECCOMP +BLKID +ELFUTILS +KMOD -IDN2 +IDN -PCRE2 default-hierarchy=hybrid)
[   10.011896] systemd[1]: Detected virtualization oracle.
[   10.013338] systemd[1]: Detected architecture x86-64.

Welcome to [1mUbuntu 18.04.5 LTS[0m!

[   10.020991] systemd[1]: Set hostname to <ubuntu>.
[   10.027696] systemd[1]: Initializing machine ID from random generator.
[   10.029430] systemd[1]: Installed transient /etc/machine-id file.
[   10.357531] systemd[1]: Set up automount Arbitrary Executable File Formats File System Automount Point.
[[0;32m  OK  [0m] Set up automount Arbitrary Executab…rmats File System Automount Point.
[   10.364256] systemd[1]: Created slice System Slice.
[[0;32m  OK  [0m] Created slice System Slice.
[   10.366977] systemd[1]: Listening on Network Service Netlink Socket.
[[0;32m  OK  [0m] Listening on Network Service Netlink Socket.
[   10.369876] systemd[1]: Listening on Syslog Socket.
[[0;32m  OK  [0m] Listening on Syslog Socket.
[[0;32m  OK  [0m] Listening on LVM2 metadata daemon socket.
[[0;32m  OK  [0m] Listening on Device-mapper event daemon FIFOs.
[[0;32m  OK  [0m] Listening on udev Kernel Socket.
[[0;32m  OK  [0m] Listening on Journal Socket.
         Mounting Huge Pages File System...
         Mounting Kernel Debug File System...
         Mounting POSIX Message Queue File System...
[[0;32m  OK  [0m] Listening on Journal Socket (/dev/log).
         Starting Monitoring of LVM2 mirrors…ng dmeventd or progress polling...
[[0;32m  OK  [0m] Created slice system-serial\x2dgetty.slice.
[[0;32m  OK  [0m] Listening on LVM2 poll daemon socket.
[[0;32m  OK  [0m] Listening on udev Control Socket.
         Starting Load Kernel Modules...
         Starting Create list of required st…ce nodes for the current kernel...
[[0;32m  OK  [0m] Listening on /dev/initctl Compatibility Named Pipe.
[[0;32m  OK  [0m] Listening on fsck to fsckd communication Socket.
         Starting File System Check on Root Device...
         Starting Set the console keyboard layout...
[[0;32m  OK  [0m] Reached target Swap.
         Starting udev Coldplug all Devices...
[[0;32m  OK  [0m] Reached target User and Group Name Lookups.
[[0;32m  OK  [0m] Listening on Journal Audit Socket.
         Starting Journal Service...
[[0;32m  OK  [0m] Started Forward Password Requests to Wall Directory Watch.
[   10.459281] Loading iSCSI transport class v2.0-870.
         Starting Uncomplicated firewall...
[[0;32m  OK  [0m] Reached target System Time Synchronized.
[[0;32m  OK  [0m] Created slice User and Session Slice.
[[0;32m  OK  [0m] Reached target Slices.
[[0;32m  OK  [0m] Mounted Huge Pages File System.
[[0;32m  OK  [0m] Mounted Kernel Debug File System.
[[0;32m  OK  [0m] Mounted POSIX Message Queue File System.
[[0;32m  OK  [0m] Started LVM2 metadata daemon.
[   10.477086] iscsi: registered transport (tcp)
[[0;32m  OK  [0m] Started Create list of required sta…vice nodes for the current kernel.
[[0;32m  OK  [0m] Started File System Check Daemon to report status.
         Starting Create Static Device Nodes in /dev...
[[0;32m  OK  [0m] Started Uncomplicated firewall.
[[0;32m  OK  [0m] Started Journal Service.
[[0;32m  OK  [0m] Started Create Static Device Nodes in /dev.
[   10.626438] iscsi: registered transport (iser)
[[0;32m  OK  [0m] Started Load Kernel Modules.
[[0;32m  OK  [0m] Started udev Coldplug all Devices.
         Mounting Kernel Configuration File System...
         Starting Apply Kernel Variables...
         Mounting FUSE Control File System...
[[0;32m  OK  [0m] Mounted Kernel Configuration File System.
[[0;32m  OK  [0m] Mounted FUSE Control File System.
[[0;32m  OK  [0m] Started File System Check on Root Device.
         Starting Remount Root and Kernel File Systems...
[[0;32m  OK  [0m] Started Monitoring of LVM2 mirrors,…sing dmeventd or progress polling.
[[0;32m  OK  [0m] Started Apply Kernel Variables.
[[0;32m  OK  [0m] Started Remount Root and Kernel File Systems.
         Starting Load/Save Random Seed...
         Starting Flush Journal to Persistent Storage...
         Starting udev Kernel Device Manager...
[[0;32m  OK  [0m] Started Load/Save Random Seed.
[[0;32m  OK  [0m] Started udev Kernel Device Manager.
[[0;32m  OK  [0m] Started Flush Journal to Persistent Storage.
[[0;32m  OK  [0m] Started Set the console keyboard layout.
[[0;32m  OK  [0m] Reached target Local File Systems (Pre).
[[0;32m  OK  [0m] Reached target Local File Systems.
         Starting AppArmor initialization...
         Starting Tell Plymouth To Write Out Runtime Data...
         Starting Create Volatile Files and Directories...
         Starting Commit a transient machine-id on disk...
         Starting ebtables ruleset management...
         Starting Set console font and keymap...
[[0;32m  OK  [0m] Started Dispatch Password Requests to Console Directory Watch.
[[0;32m  OK  [0m] Reached target Local Encrypted Volumes.
[[0;32m  OK  [0m] Started Tell Plymouth To Write Out Runtime Data.
[[0;32m  OK  [0m] Started Create Volatile Files and Directories.
         Starting Update UTMP about System Boot/Shutdown...
[[0;32m  OK  [0m] Started Set console font and keymap.
[[0;32m  OK  [0m] Started Update UTMP about System Boot/Shutdown.
[[0;32m  OK  [0m] Started Commit a transient machine-id on disk.
[[0;32m  OK  [0m] Started ebtables ruleset management.
[[0;32m  OK  [0m] Found device /dev/ttyS0.
[[0;32m  OK  [0m] Listening on Load/Save RF Kill Switch Status /dev/rfkill Watch.
[[0;32m  OK  [0m] Started AppArmor initialization.
         Starting Load AppArmor profiles managed internally by snapd...
         Starting Initial cloud-init job (pre-networking)...
[[0;32m  OK  [0m] Started Load AppArmor profiles managed internally by snapd.
[   15.160839] cloud-init[564]: Cloud-init v. 21.1-19-gbad84ad4-0ubuntu1~18.04.2 running 'init-local' at Wed, 09 Jun 2021 12:42:07 +0000. Up 14.59 seconds.
[[0;32m  OK  [0m] Started Initial cloud-init job (pre-networking).
[[0;32m  OK  [0m] Reached target Network (Pre).
         Starting Network Service...
[[0;32m  OK  [0m] Started Network Service.
         Starting Wait for Network to be Configured...
         Starting Network Name Resolution...
[[0;32m  OK  [0m] Started Network Name Resolution.
[[0;32m  OK  [0m] Reached target Host and Network Name Lookups.
[[0;32m  OK  [0m] Reached target Network.
[[0;32m  OK  [0m] Started Wait for Network to be Configured.
         Starting Initial cloud-init job (metadata service crawler)...
[   18.284513] cloud-init[689]: Cloud-init v. 21.1-19-gbad84ad4-0ubuntu1~18.04.2 running 'init' at Wed, 09 Jun 2021 12:42:11 +0000. Up 17.99 seconds.
[   18.286436] cloud-init[689]: ci-info: ++++++++++++++++++++++++++++++++++++++Net device info++++++++++++++++++++++++++++++++++++++
[   18.287907] cloud-init[689]: ci-info: +--------+-------+---------------------------+---------------+--------+-------------------+
[   18.289502] cloud-init[689]: ci-info: | Device |   Up  |          Address          |      Mask     | Scope  |     Hw-Address    |
[   18.290953] cloud-init[689]: ci-info: +--------+-------+---------------------------+---------------+--------+-------------------+
[   18.292770] cloud-init[689]: ci-info: | enp0s3 |  True |         10.0.2.15         | 255.255.255.0 | global | 02:08:1c:2f:d1:e8 |
[   18.294456] cloud-init[689]: ci-info: | enp0s3 |  True | fe80::8:1cff:fe2f:d1e8/64 |       .       |  link  | 02:08:1c:2f:d1:e8 |
[   18.296203] cloud-init[689]: ci-info: | enp0s8 | False |             .             |       .       |   .    | 08:00:27:cb:d3:7e |
[   18.297990] cloud-init[689]: ci-info: |   lo   |  True |         127.0.0.1         |   255.0.0.0   |  host  |         .         |
[   18.299851] cloud-init[689]: ci-info: |   lo   |  True |          ::1/128          |       .       |  host  |         .         |
[   18.301695] cloud-init[689]: ci-info: +--------+-------+---------------------------+---------------+--------+-------------------+
[   18.303442] cloud-init[689]: ci-info: ++++++++++++++++++++++++++++Route IPv4 info+++++++++++++++++++++++++++++
[   18.312159] cloud-init[689]: ci-info: +-------+-------------+----------+-----------------+-----------+-------+
[   18.324114] cloud-init[689]: ci-info: | Route | Destination | Gateway  |     Genmask     | Interface | Flags |
[   18.325654] cloud-init[689]: ci-info: +-------+-------------+----------+-----------------+-----------+-------+
[   18.327193] cloud-init[689]: ci-info: |   0   |   0.0.0.0   | 10.0.2.2 |     0.0.0.0     |   enp0s3  |   UG  |
[   18.328981] cloud-init[689]: ci-info: |   1   |   10.0.2.0  | 0.0.0.0  |  255.255.255.0  |   enp0s3  |   U   |
[   18.330816] cloud-init[689]: ci-info: |   2   |   10.0.2.2  | 0.0.0.0  | 255.255.255.255 |   enp0s3  |   UH  |
[   18.332439] cloud-init[689]: ci-info: +-------+-------------+----------+-----------------+-----------+-------+
[   18.334097] cloud-init[689]: ci-info: +++++++++++++++++++Route IPv6 info+++++++++++++++++++
[   18.335353] cloud-init[689]: ci-info: +-------+-------------+---------+-----------+-------+
[   18.336725] cloud-init[689]: ci-info: | Route | Destination | Gateway | Interface | Flags |
[   18.337969] cloud-init[689]: ci-info: +-------+-------------+---------+-----------+-------+
[   18.339397] cloud-init[689]: ci-info: |   1   |  fe80::/64  |    ::   |   enp0s3  |   U   |
[   18.348255] cloud-init[689]: ci-info: |   3   |    local    |    ::   |   enp0s3  |   U   |
[   18.349704] cloud-init[689]: ci-info: |   4   |   ff00::/8  |    ::   |   enp0s3  |   U   |
[   18.361467] cloud-init[689]: ci-info: +-------+-------------+---------+-----------+-------+
[   19.252613] cloud-init[689]: Generating public/private rsa key pair.
[   19.253892] cloud-init[689]: Your identification has been saved in /etc/ssh/ssh_host_rsa_key.
[   19.255520] cloud-init[689]: Your public key has been saved in /etc/ssh/ssh_host_rsa_key.pub.
[   19.256906] cloud-init[689]: The key fingerprint is:
[   19.257800] cloud-init[689]: SHA256:08H1KY35umcqVsnOz05F3QcW3FJFb/Oe6fTXX09EzQA root@ubuntu-bionic
[   19.260130] cloud-init[689]: The key's randomart image is:
[   19.268293] cloud-init[689]: +---[RSA 2048]----+
[   19.269309] cloud-init[689]: |            Eo===|
[   19.270510] cloud-init[689]: |         . . *o=*|
[   19.271518] cloud-init[689]: |          o + +o@|
[   19.272477] cloud-init[689]: |         . . o ++|
[   19.273457] cloud-init[689]: |        S .. .. +|
[   19.276192] cloud-init[689]: |         .  +. +o|
[   19.276987] cloud-init[689]: |           +. .+=|
[   19.288534] cloud-init[689]: |          o o+=.*|
[   19.289550] cloud-init[689]: |         . .o*+.*|
[   19.300193] cloud-init[689]: +----[SHA256]-----+
[   19.301062] cloud-init[689]: Generating public/private dsa key pair.
[   19.312191] cloud-init[689]: Your identification has been saved in /etc/ssh/ssh_host_dsa_key.
[   19.313412] cloud-init[689]: Your public key has been saved in /etc/ssh/ssh_host_dsa_key.pub.
[   19.314597] cloud-init[689]: The key fingerprint is:
[   19.315412] cloud-init[689]: SHA256:oI1k2WdqIRPuS3YaG4L3cS5W7LtNawin35wnT+e19zw root@ubuntu-bionic
[   19.317009] cloud-init[689]: The key's randomart image is:
[   19.320138] cloud-init[689]: +---[DSA 1024]----+
[   19.336207] cloud-init[689]: |    .            |
[   19.341972] cloud-init[689]: |   . +           |
[   19.342841] cloud-init[689]: |    B + o        |
[   19.352214] cloud-init[689]: | . + B *         |
[   19.353237] cloud-init[689]: |. o X O S        |
[[0;32m  OK  [0m[   19.364329] cloud-init[689]: | . =.#.          |
[   19.364656] cloud-init[689]: |    B+o.. . . .  |
[   19.364932] cloud-init[689]: |   ....*o+.o . E.|
[   19.365241] cloud-init[689]: |     .+o*+. . ..=|
[   19.365804] cloud-init[689]: +----[SHA256]-----+
[   19.366358] cloud-init[689]: Generating public/private ecdsa key pair.
[   19.366786] cloud-init[689]: Your identification has been saved in /etc/ssh/ssh_host_ecdsa_key.
[   19.366916] cloud-init[689]: Your public key has been saved in /etc/ssh/ssh_host_ecdsa_key.pub.
[   19.367634] cloud-init[689]: The key fingerprint is:
[   19.368354] cloud-init[689]: SHA256:hLIj37dyXN7ElKdkC8kr5r6Kl1pB7yI63xcc0ZPZEgg root@ubuntu-bionic
[   19.368948] cloud-init[689]: The key's randomart image is:
[   19.369144] cloud-init[689]: +---[ECDSA 256]---+
[   19.370012] cloud-init[689]: |      E. o.=     |
[   19.370390] cloud-init[689]: |       .o * .    |
[   19.370788] cloud-init[689]: |    . o .o + .   |
[   19.371822] cloud-init[689]: |     + o. + = .  |
[   19.372662] cloud-init[689]: |  . o ..S. B +   |
[   19.373473] cloud-init[689]: |   o o o= o =    |
[   19.373714] cloud-init[689]: |    o +=o= o     |
[   19.374273] cloud-init[689]: |  .. =+o=.. .    |
[   19.374607] cloud-init[689]: |  .o+oo*+.       |
[   19.374938] cloud-init[689]: +----[SHA256]-----+
[   19.375383] cloud-init[689]: Generating public/private ed25519 key pair.
[   19.375814] cloud-init[689]: Your identification has been saved in /etc/ssh/ssh_host_ed25519_key.
[   19.376922] cloud-init[689]: Your public key has been saved in /etc/ssh/ssh_host_ed25519_key.pub.
[   19.378125] cloud-init[689]: The key fingerprint is:
[   19.378705] cloud-init[689]: SHA256:gjitnEtR3HUDzH0pByLhoRPNCa4CeC6w7jtlzo4LjuU root@ubuntu-bionic
[   19.379361] cloud-init[689]: The key's randomart image is:
[   19.380116] cloud-init[689]: +--[ED25519 256]--+
[   19.380554] cloud-init[689]: |    o++=+o+. .   |
[   19.380905] cloud-init[689]: |.  o =++ooo.+    |
[   19.381052] cloud-init[689]: |+ . * o    +     |
[   19.381203] cloud-init[689]: |o+ = o           |
[   19.381358] cloud-init[689]: |+ * o . S        |
[   19.381647] cloud-init[689]: |.+ B   .         |
[   19.381869] cloud-init[689]: |..@              |
[   19.382708] cloud-init[689]: |==.+             |
[   19.383300] cloud-init[689]: |.*E.             |
[   19.384467] cloud-init[689]: +----[SHA256]-----+
] Started Initial cloud-init job (metadata service crawler).
[[0;32m  OK  [0m] Reached target Network is Online.
         Starting Availability of block devices...
[[0;32m  OK  [0m] Reached target Remote File Systems (Pre).
[[0;32m  OK  [0m] Reached target Remote File Systems.
[[0;32m  OK  [0m] Reached target System Initialization.
[[0;32m  OK  [0m] Listening on ACPID Listen Socket.
         Starting LXD - unix socket.
         Starting Socket activation for snappy daemon.
[[0;32m  OK  [0m] Started Discard unused blocks once a week.
[[0;32m  OK  [0m] Started Daily apt download activities.
[[0;32m  OK  [0m] Started Daily apt upgrade and clean activities.
[[0;32m  OK  [0m] Listening on UUID daemon activation socket.
[[0;32m  OK  [0m] Listening on D-Bus System Message Bus Socket.
[[0;32m  OK  [0m] Listening on Open-iSCSI iscsid Socket.
[[0;32m  OK  [0m] Started Ubuntu Advantage update messaging.
[[0;32m  OK  [0m] Started Daily Cleanup of Temporary Directories.
[[0;32m  OK  [0m] Started ACPI Events Check.
[[0;32m  OK  [0m] Reached target Paths.
[[0;32m  OK  [0m] Started Message of the Day.
[[0;32m  OK  [0m] Reached target Timers.
[[0;32m  OK  [0m] Reached target Cloud-config availability.
[[0;32m  OK  [0m] Started Availability of block devices.
[[0;32m  OK  [0m] Listening on LXD - unix socket.
[[0;32m  OK  [0m] Listening on Socket activation for snappy daemon.
[[0;32m  OK  [0m] Reached target Sockets.
[[0;32m  OK  [0m] Reached target Basic System.
         Starting Pollinate to seed the pseudo random number generator...
[[0;32m  OK  [0m] Started irqbalance daemon.
[[0;32m  OK  [0m] Started Deferred execution scheduler.
         Starting Permit User Sessions...
         Starting Login Service...
         Starting System Logging Service...
[[0;32m  OK  [0m] Started Regular background program processing daemon.
         Starting LSB: Record successful boot for GRUB...
         Starting Virtualbox guest utils...
[[0;32m  OK  [0m] Started FUSE filesystem for LXC.
[[0;32m  OK  [0m] Started D-Bus System Message Bus.
[[0;32m  OK  [0m] Started Login Service.
[[0;32m  OK  [0m] Started Unattended Upgrades Shutdown.
         Starting Dispatcher daemon for systemd-networkd...
         Starting Snap Daemon...
         Starting LSB: automatic crash report generation...
         Starting Accounts Service...
         Starting LXD - container startup/shutdown...
[[0;32m  OK  [0m] Started System Logging Service.
[[0;32m  OK  [0m] Started Permit User Sessions.
         Starting Hold until boot process finishes up...
         Starting Terminate Plymouth Boot Screen...
[[0;32m  OK  [0m] Started Hold until boot process finishes up.
[[0;32m  OK  [0m] Started Serial Getty on ttyS0.
         Starting Set console scheme...
[[0;32m  OK  [0m] Started Terminate Plymouth Boot Screen.
[[0;32m  OK  [0m] Started Set console scheme.
[[0;32m  OK  [0m] Created slice system-getty.slice.
[[0;32m  OK  [0m] Started Getty on tty1.
[[0;32m  OK  [0m] Reached target Login Prompts.
         Starting Authorization Manager...
[[0;32m  OK  [0m] Started LSB: automatic crash report generation.
[[0;32m  OK  [0m] Started LSB: Record successful boot for GRUB.
[[0;32m  OK  [0m] Started Authorization Manager.
[[0;32m  OK  [0m] Started Accounts Service.
[[0;32m  OK  [0m] Started Virtualbox guest utils.
[[0;32m  OK  [0m] Started Dispatcher daemon for systemd-networkd.
[[0;32m  OK  [0m] Started LXD - container startup/shutdown.
[[0;32m  OK  [0m] Started Snap Daemon.
         Starting Wait until snapd is fully seeded...
[[0;32m  OK  [0m] Started Pollinate to seed the pseudo random number generator.
         Starting OpenBSD Secure Shell server...
[[0;32m  OK  [0m] Started OpenBSD Secure Shell server.
[[0;32m  OK  [0m] Created slice User Slice of vagrant.
         Starting User Manager for UID 1000...
[[0;32m  OK  [0m] Started Session 1 of user vagrant.
[[0;32m  OK  [0m] Started User Manager for UID 1000.

Ubuntu 18.04.5 LTS ubuntu-bionic ttyS0

ubuntu-bionic login: [   27.723323] cloud-init[1375]: Cloud-init v. 21.1-19-gbad84ad4-0ubuntu1~18.04.2 running 'modules:config' at Wed, 09 Jun 2021 12:42:20 +0000. Up 27.02 seconds.
ci-info: no authorized SSH keys fingerprints found for user ubuntu.
<14>Jun  9 12:42:21 ec2: 
<14>Jun  9 12:42:21 ec2: #############################################################
<14>Jun  9 12:42:21 ec2: -----BEGIN SSH HOST KEY FINGERPRINTS-----
<14>Jun  9 12:42:21 ec2: 1024 SHA256:oI1k2WdqIRPuS3YaG4L3cS5W7LtNawin35wnT+e19zw root@ubuntu-bionic (DSA)
<14>Jun  9 12:42:21 ec2: 256 SHA256:hLIj37dyXN7ElKdkC8kr5r6Kl1pB7yI63xcc0ZPZEgg root@ubuntu-bionic (ECDSA)
<14>Jun  9 12:42:21 ec2: 256 SHA256:gjitnEtR3HUDzH0pByLhoRPNCa4CeC6w7jtlzo4LjuU root@ubuntu-bionic (ED25519)
<14>Jun  9 12:42:21 ec2: 2048 SHA256:08H1KY35umcqVsnOz05F3QcW3FJFb/Oe6fTXX09EzQA root@ubuntu-bionic (RSA)
<14>Jun  9 12:42:21 ec2: -----END SSH HOST KEY FINGERPRINTS-----
<14>Jun  9 12:42:21 ec2: #############################################################
-----BEGIN SSH HOST KEY KEYS-----
ecdsa-sha2-nistp256 AAAAE2VjZHNhLXNoYTItbmlzdHAyNTYAAAAIbmlzdHAyNTYAAABBBLOcd942ekjix0HjmZQvwoZf4JcxnBDjKjfP0H/hj0nIOzgiDY6RbS4LZCpLr6rWVH/RjwMngJDCEk79C6d6Icw= root@ubuntu-bionic
ssh-ed25519 AAAAC3NzaC1lZDI1NTE5AAAAIO+H9HHSBg27tKlJNKZDEtO+BF3gkf2qNHGPl6udF6ud root@ubuntu-bionic
ssh-rsa AAAAB3NzaC1yc2EAAAADAQABAAABAQDYcgEJFHBApnRlAr30/ME7MuDU0HUW0KQI2DBf181ZAhR0/eH9ESLIqcHJWlO/WNsr8+pF1R20grMoVuFDPW3mm0eXsK6OFV+0/i3dUf6CSQuTAKDt4XNNhstPIvjzL/awCDdUVsBtVOhJG7jmqx53V0OY+aGiYbjzfb9JMMTaIKumRjUjnTs0vBEqb1Hc9p268vY1Fr6sDVmFZZU0h7KHVo2HmWAL3WoKxUgRwsxtiDM5sFbsZHKTDPZ5pPL/ecUS8/eAmrPlg4Rc+hP9ecjMkkYeUdpD6g9BaHUk0kd87mH7fhsNahldIh0C5t8C/cJTIdcDd9AunVP568IOIGYz root@ubuntu-bionic
-----END SSH HOST KEY KEYS-----
[   28.726994] cloud-init[1544]: Cloud-init v. 21.1-19-gbad84ad4-0ubuntu1~18.04.2 running 'modules:final' at Wed, 09 Jun 2021 12:42:21 +0000. Up 28.48 seconds.
[   28.729237] cloud-init[1544]: ci-info: no authorized SSH keys fingerprints found for user ubuntu.
[   28.730947] cloud-init[1544]: Cloud-init v. 21.1-19-gbad84ad4-0ubuntu1~18.04.2 finished at Wed, 09 Jun 2021 12:42:21 +0000. Datasource DataSourceNoCloud [see[[0;32m  OK  [0m] Stopped target Cloud-init target.
         Stopping Availability of block devices...
         Stopping Authorization Manager...
         Stopping Session 19 of user vagrant.
[[0;32m  OK  [0m] Stopped target Graphical Interface.
[[0;32m  OK  [0m] Stopped Execute cloud user/final scripts.
[[0;32m  OK  [0m] Stopped target Multi-User System.
         Stopping irqbalance daemon...
[[0;32m  OK  [0m] Stopped target Login Prompts.
         Stopping OpenBSD Secure Shell server...
         Stopping Dispatcher daemon for systemd-networkd...
         Stopping D-Bus System Message Bus...
         Stopping Deferred execution scheduler...
         Stopping Accounts Service...
         Stopping Regular background program processing daemon...
         Stopping Virtualbox guest utils...
[[0;32m  OK  [0m] Stopped target Timers.
[[0;32m  OK  [0m] Stopped Clean PHP session files every 30 mins.
[[0;32m  OK  [0m] Stopped Ubuntu Advantage update messaging.
[[0;32m  OK  [0m] Stopped Daily Cleanup of Temporary Directories.
[[0;32m  OK  [0m] Stopped Message of the Day.
[[0;32m  OK  [0m] Stopped Discard unused blocks once a week.
[[0;32m  OK  [0m] Stopped Daily apt upgrade and clean activities.
[[0;32m  OK  [0m] Stopped Daily apt download activities.
[[0;32m  OK  [0m] Stopped target System Time Synchronized.
         Stopping The Apache HTTP Server...
         Stopping User Manager for UID 1000...
         Stopping LSB: automatic crash report generation...
[[0;32m  OK  [0m] Stopped Apply the settings specified in cloud-config.
[[0;32m  OK  [0m] Stopped target Cloud-config availability.
[[0;32m  OK  [0m] Stopped Wait until snapd is fully seeded.
         Stopping LSB: Record successful boot for GRUB...
         Stopping FUSE filesystem for LXC...
         Stopping Session 51 of user vagrant.
         Stopping Getty on tty1...
         Stopping LXD - container startup/shutdown...
         Stopping System Logging Service...
         Stopping Serial Getty on ttyS0...
         Stopping MySQL Community Server...
[[0;32m  OK  [0m] Closed Load/Save RF Kill Switch Status /dev/rfkill Watch.
[[0;32m  OK  [0m] Unmounted /var/lib/lxcfs.
[[0;32m  OK  [0m] Stopped Deferred execution scheduler.
[[0;32m  OK  [0m] Stopped Dispatcher daemon for systemd-networkd.
[[0;32m  OK  [0m] Stopped Regular background program processing daemon.
[[0;32m  OK  [0m] Stopped irqbalance daemon.
[[0;32m  OK  [0m] Stopped Accounts Service.
[[0;32m  OK  [0m] Stopped Serial Getty on ttyS0.
[[0;32m  OK  [0m] Stopped Getty on tty1.
[[0;32m  OK  [0m] Stopped System Logging Service.
[[0;32m  OK  [0m] Stopped Authorization Manager.
[[0;32m  OK  [0m] Stopped OpenBSD Secure Shell server.
[[0;32m  OK  [0m] Stopped User Manager for UID 1000.
[[0;32m  OK  [0m] Stopped D-Bus System Message Bus.
[[0;32m  OK  [0m] Stopped FUSE filesystem for LXC.
[[0;32m  OK  [0m] Stopped Session 51 of user vagrant.
[[0;32m  OK  [0m] Stopped Session 19 of user vagrant.
[[0;32m  OK  [0m] Removed slice User Slice of vagrant.
         Stopping Login Service...
[[0;32m  OK  [0m] Removed slice system-getty.slice.
         Stopping Permit User Sessions...
[[0;32m  OK  [0m] Removed slice system-serial\x2dgetty.slice.
[[0;32m  OK  [0m] Stopped LXD - container startup/shutdown.
[[0;32m  OK  [0m] Stopped Permit User Sessions.
[[0;32m  OK  [0m] Stopped Availability of block devices.
[[0;32m  OK  [0m] Stopped LSB: Record successful boot for GRUB.
[[0;32m  OK  [0m] Stopped Login Service.
[[0;32m  OK  [0m] Stopped target User and Group Name Lookups.
[[0;32m  OK  [0m] Stopped LSB: automatic crash report generation.
[[0;32m  OK  [0m] Stopped Virtualbox guest utils.
[[0;32m  OK  [0m] Stopped The Apache HTTP Server.
[[0;32m  OK  [0m] Stopped target Host and Network Name Lookups.
[[0;32m  OK  [0m] Stopped target Remote File Systems.
         Unmounting /vagrant...
[[0;32m  OK  [0m] Unmounted /vagrant.
[[0;32m  OK  [0m] Stopped target Network is Online.
[[0;32m  OK  [0m] Stopped target Remote File Systems (Pre).
[[0;32m  OK  [0m] Stopped MySQL Community Server.
[[0;32m  OK  [0m] Stopped target Basic System.
[[0;32m  OK  [0m] Stopped target Paths.
[[0;32m  OK  [0m] Stopped ACPI Events Check.
[[0;32m  OK  [0m] Stopped target Slices.
[[0;32m  OK  [0m] Removed slice User and Session Slice.
[[0;32m  OK  [0m] Stopped target Sockets.
[[0;32m  OK  [0m] Closed LXD - unix socket.
[[0;32m  OK  [0m] Closed ACPID Listen Socket.
[[0;32m  OK  [0m] Closed UUID daemon activation socket.
[[0;32m  OK  [0m] Closed Open-iSCSI iscsid Socket.
[[0;32m  OK  [0m] Closed D-Bus System Message Bus Socket.
[[0;32m  OK  [0m] Closed Syslog Socket.
[[0;32m  OK  [0m] Closed Socket activation for snappy daemon.
[[0;32m  OK  [0m] Stopped target System Initialization.
[[0;32m  OK  [0m] Stopped target Local Encrypted Volumes.
[[0;32m  OK  [0m] Stopped Dispatch Password Requests to Console Directory Watch.
[[0;32m  OK  [0m] Stopped Forward Password Requests to Wall Directory Watch.
         Stopping Load/Save Random Seed...
[[0;32m  OK  [0m] Stopped Initial cloud-init job (metadata service crawler).
         Stopping Update UTMP about System Boot/Shutdown...
[[0;32m  OK  [0m] Stopped Commit a transient machine-id on disk.
[[0;32m  OK  [0m] Stopped target Network.
         Stopping Network Name Resolution...
[[0;32m  OK  [0m] Stopped Load/Save Random Seed.
[[0;32m  OK  [0m] Stopped Update UTMP about System Boot/Shutdown.
[[0;32m  OK  [0m] Stopped Network Name Resolution.
         Stopping Network Service...
[[0;32m  OK  [0m] Stopped Create Volatile Files and Directories.
[[0;32m  OK  [0m] Stopped target Local File Systems.
         Unmounting /run/user/1000...
[[0;32m  OK  [0m] Unmounted /run/user/1000.
[[0;32m  OK  [0m] Reached target Unmount All Filesystems.
[[0;32m  OK  [0m] Stopped target Swap.
[[0;32m  OK  [0m] Stopped target Local File Systems (Pre).
         Stopping Monitoring of LVM2 mirrors…ng dmeventd or progress polling...
[[0;32m  OK  [0m] Stopped Create Static Device Nodes in /dev.
[[0;32m  OK  [0m] Stopped Network Service.
[[0;32m  OK  [0m] Stopped target Network (Pre).
[[0;32m  OK  [0m] Stopped Initial cloud-init job (pre-networking).
[[0;32m  OK  [0m] Stopped Remount Root and Kernel File Systems.
[[0;32m  OK  [0m] Stopped Apply Kernel Variables.
[[0;32m  OK  [0m] Stopped Load Kernel Modules.
[[0;32m  OK  [0m] Reached target Shutdown.
[[0;32m  OK  [0m] Reached target Final Step.
         Starting Power-Off...
[18247.933305] reboot: Power down
